Arguments: 
  /Users/crcn/.nvm/versions/node/v8.11.3/bin/node /Users/crcn/.nvm/versions/node/v8.11.3/bin/yarn add @typescript/whatwg-fetch

PATH: 
  /Users/crcn/.cargo/bin:/Users/crcn/.nvm/versions/node/v8.11.3/bin:/usr/local/bin:/usr/bin:/bin:/usr/sbin:/sbin

Yarn version: 
  1.9.4

Node version: 
  8.11.3

Platform: 
  darwin x64

Trace: 
  Error: https://registry.yarnpkg.com/@typescript%2fwhatwg-fetch: Not found
      at Request.params.callback [as _callback] (/Users/crcn/.nvm/versions/node/v8.11.3/lib/node_modules/yarn/lib/cli.js:64202:18)
      at Request.self.callback (/Users/crcn/.nvm/versions/node/v8.11.3/lib/node_modules/yarn/lib/cli.js:137468:22)
      at emitTwo (events.js:126:13)
      at Request.emit (events.js:214:7)
      at Request.<anonymous> (/Users/crcn/.nvm/versions/node/v8.11.3/lib/node_modules/yarn/lib/cli.js:138440:10)
      at emitOne (events.js:116:13)
      at Request.emit (events.js:211:7)
      at IncomingMessage.<anonymous> (/Users/crcn/.nvm/versions/node/v8.11.3/lib/node_modules/yarn/lib/cli.js:138362:12)
      at Object.onceWrapper (events.js:313:30)
      at emitNone (events.js:111:20)

npm manifest: 
  {
    "name": "webflow-componentizer",
    "version": "1.0.0",
    "description": "Converts Webflow sites into components that can be used in React apps",
    "main": "index.js",
    "scripts": {
      "test": "echo \"Error: no test specified\" && exit 1",
      "build": "tsc",
      "build:watch": "tsc --watch"
    },
    "repository": {
      "type": "git",
      "url": "git+https://github.com/crcn/webflow-componentizer.git"
    },
    "author": "",
    "license": "ISC",
    "bugs": {
      "url": "https://github.com/crcn/webflow-componentizer/issues"
    },
    "homepage": "https://github.com/crcn/webflow-componentizer#readme",
    "devDependencies": {
      "typescript": "^3.4.5"
    },
    "dependencies": {
      "whatwg-fetch": "^3.0.0"
    }
  }

yarn manifest: 
  No manifest

Lockfile: 
  # THIS IS AN AUTOGENERATED FILE. DO NOT EDIT THIS FILE DIRECTLY.
  # yarn lockfile v1
  
  
  typescript@^3.4.5:
    version "3.4.5"
    resolved "https://registry.yarnpkg.com/typescript/-/typescript-3.4.5.tgz#2d2618d10bb566572b8d7aad5180d84257d70a99"
  
  whatwg-fetch@^3.0.0:
    version "3.0.0"
    resolved "https://registry.yarnpkg.com/whatwg-fetch/-/whatwg-fetch-3.0.0.tgz#fc804e458cc460009b1a2b966bc8817d2578aefb"
